<!DOCTYPE html>

        <html lang="en-US" style="height: 100%;">

        <head><meta http-equiv="Content-Type" content="text/html; charset=UTF-8">
        <title>My List HTML Output</title>
<p style="margin-left: 0px">Test units_test_13.txt</p>
<p style="margin-left: 40px">/home/swapnil/2-2/TestAutomation/testCasesExecutables/test.js:7	|	            expect(src.%(%)).to.equal(%)	|	                       ^	|	SyntaxError: Unexpected token %	|	    at createScript (vm.js:80:10)	|	    at Object.runInThisContext (vm.js:139:10)	|	    at Module._compile (module.js:616:28)	|	    at Object.Module._extensions..js (module.js:663:10)	|	    at Module.load (module.js:565:32)	|	    at tryModuleLoad (module.js:505:12)	|	    at Function.Module._load (module.js:497:3)	|	    at Module.require (module.js:596:17)	|	    at require (internal/module.js:11:18)	|	    at /home/swapnil/2-2/TestAutomation/node_modules/mocha/lib/mocha.js:334:36	|	    at Array.forEach (<anonymous>)	|	    at Mocha.loadFiles (/home/swapnil/2-2/TestAutomation/node_modules/mocha/lib/mocha.js:331:14)	|	    at Mocha.run (/home/swapnil/2-2/TestAutomation/node_modules/mocha/lib/mocha.js:809:10)	|	    at Object.exports.singleRun (/home/swapnil/2-2/TestAutomation/node_modules/mocha/lib/cli/run-helpers.js:108:16)	|	    at exports.runMocha (/home/swapnil/2-2/TestAutomation/node_modules/mocha/lib/cli/run-helpers.js:142:13)	|	    at Object.exports.handler.argv [as handler] (/home/swapnil/2-2/TestAutomation/node_modules/mocha/lib/cli/run.js:292:3)	|	    at Object.runCommand (/home/swapnil/2-2/TestAutomation/node_modules/yargs/lib/command.js:242:26)	|	    at Object.parseArgs [as _parseArgs] (/home/swapnil/2-2/TestAutomation/node_modules/yargs/yargs.js:1087:28)	|	    at Object.parse (/home/swapnil/2-2/TestAutomation/node_modules/yargs/yargs.js:566:25)	|	    at Object.exports.main (/home/swapnil/2-2/TestAutomation/node_modules/mocha/lib/cli/cli.js:68:6)	|	    at Object.<anonymous> (/home/swapnil/2-2/TestAutomation/node_modules/mocha/bin/mocha:164:29)	|	    at Module._compile (module.js:652:30)	|	    at Object.Module._extensions..js (module.js:663:10)	|	    at Module.load (module.js:565:32)	|	    at tryModuleLoad (module.js:505:12)	|	    at Function.Module._load (module.js:497:3)	|	    at Function.Module.runMain (module.js:693:10)	|	    at startup (bootstrap_node.js:188:16)	|	    at bootstrap_node.js:609:3	|	npm ERR! Test failed.  See above for more details.	|	</p>
<p style="margin-left: 0px">Test units_test_8.txt</p>
<p style="margin-left: 40px">/home/swapnil/2-2/TestAutomation/testCasesExecutables/test.js:7	|	            expect(src.%(%)).to.equal(%)	|	                       ^	|	SyntaxError: Unexpected token %	|	    at createScript (vm.js:80:10)	|	    at Object.runInThisContext (vm.js:139:10)	|	    at Module._compile (module.js:616:28)	|	    at Object.Module._extensions..js (module.js:663:10)	|	    at Module.load (module.js:565:32)	|	    at tryModuleLoad (module.js:505:12)	|	    at Function.Module._load (module.js:497:3)	|	    at Module.require (module.js:596:17)	|	    at require (internal/module.js:11:18)	|	    at /home/swapnil/2-2/TestAutomation/node_modules/mocha/lib/mocha.js:334:36	|	    at Array.forEach (<anonymous>)	|	    at Mocha.loadFiles (/home/swapnil/2-2/TestAutomation/node_modules/mocha/lib/mocha.js:331:14)	|	    at Mocha.run (/home/swapnil/2-2/TestAutomation/node_modules/mocha/lib/mocha.js:809:10)	|	    at Object.exports.singleRun (/home/swapnil/2-2/TestAutomation/node_modules/mocha/lib/cli/run-helpers.js:108:16)	|	    at exports.runMocha (/home/swapnil/2-2/TestAutomation/node_modules/mocha/lib/cli/run-helpers.js:142:13)	|	    at Object.exports.handler.argv [as handler] (/home/swapnil/2-2/TestAutomation/node_modules/mocha/lib/cli/run.js:292:3)	|	    at Object.runCommand (/home/swapnil/2-2/TestAutomation/node_modules/yargs/lib/command.js:242:26)	|	    at Object.parseArgs [as _parseArgs] (/home/swapnil/2-2/TestAutomation/node_modules/yargs/yargs.js:1087:28)	|	    at Object.parse (/home/swapnil/2-2/TestAutomation/node_modules/yargs/yargs.js:566:25)	|	    at Object.exports.main (/home/swapnil/2-2/TestAutomation/node_modules/mocha/lib/cli/cli.js:68:6)	|	    at Object.<anonymous> (/home/swapnil/2-2/TestAutomation/node_modules/mocha/bin/mocha:164:29)	|	    at Module._compile (module.js:652:30)	|	    at Object.Module._extensions..js (module.js:663:10)	|	    at Module.load (module.js:565:32)	|	    at tryModuleLoad (module.js:505:12)	|	    at Function.Module._load (module.js:497:3)	|	    at Function.Module.runMain (module.js:693:10)	|	    at startup (bootstrap_node.js:188:16)	|	    at bootstrap_node.js:609:3	|	npm ERR! Test failed.  See above for more details.	|	</p>
<p style="margin-left: 0px">Test units_test_1.txt</p>
<p style="margin-left: 40px">/home/swapnil/2-2/TestAutomation/testCasesExecutables/test.js:7	|	            expect(src.%(%)).to.equal(%)	|	                       ^	|	SyntaxError: Unexpected token %	|	    at createScript (vm.js:80:10)	|	    at Object.runInThisContext (vm.js:139:10)	|	    at Module._compile (module.js:616:28)	|	    at Object.Module._extensions..js (module.js:663:10)	|	    at Module.load (module.js:565:32)	|	    at tryModuleLoad (module.js:505:12)	|	    at Function.Module._load (module.js:497:3)	|	    at Module.require (module.js:596:17)	|	    at require (internal/module.js:11:18)	|	    at /home/swapnil/2-2/TestAutomation/node_modules/mocha/lib/mocha.js:334:36	|	    at Array.forEach (<anonymous>)	|	    at Mocha.loadFiles (/home/swapnil/2-2/TestAutomation/node_modules/mocha/lib/mocha.js:331:14)	|	    at Mocha.run (/home/swapnil/2-2/TestAutomation/node_modules/mocha/lib/mocha.js:809:10)	|	    at Object.exports.singleRun (/home/swapnil/2-2/TestAutomation/node_modules/mocha/lib/cli/run-helpers.js:108:16)	|	    at exports.runMocha (/home/swapnil/2-2/TestAutomation/node_modules/mocha/lib/cli/run-helpers.js:142:13)	|	    at Object.exports.handler.argv [as handler] (/home/swapnil/2-2/TestAutomation/node_modules/mocha/lib/cli/run.js:292:3)	|	    at Object.runCommand (/home/swapnil/2-2/TestAutomation/node_modules/yargs/lib/command.js:242:26)	|	    at Object.parseArgs [as _parseArgs] (/home/swapnil/2-2/TestAutomation/node_modules/yargs/yargs.js:1087:28)	|	    at Object.parse (/home/swapnil/2-2/TestAutomation/node_modules/yargs/yargs.js:566:25)	|	    at Object.exports.main (/home/swapnil/2-2/TestAutomation/node_modules/mocha/lib/cli/cli.js:68:6)	|	    at Object.<anonymous> (/home/swapnil/2-2/TestAutomation/node_modules/mocha/bin/mocha:164:29)	|	    at Module._compile (module.js:652:30)	|	    at Object.Module._extensions..js (module.js:663:10)	|	    at Module.load (module.js:565:32)	|	    at tryModuleLoad (module.js:505:12)	|	    at Function.Module._load (module.js:497:3)	|	    at Function.Module.runMain (module.js:693:10)	|	    at startup (bootstrap_node.js:188:16)	|	    at bootstrap_node.js:609:3	|	npm ERR! Test failed.  See above for more details.	|	</p>
<p style="margin-left: 0px">Test units_test_5.txt</p>
<p style="margin-left: 40px">/home/swapnil/2-2/TestAutomation/testCasesExecutables/test.js:7	|	            expect(src.%(%)).to.equal(%)	|	                       ^	|	SyntaxError: Unexpected token %	|	    at createScript (vm.js:80:10)	|	    at Object.runInThisContext (vm.js:139:10)	|	    at Module._compile (module.js:616:28)	|	    at Object.Module._extensions..js (module.js:663:10)	|	    at Module.load (module.js:565:32)	|	    at tryModuleLoad (module.js:505:12)	|	    at Function.Module._load (module.js:497:3)	|	    at Module.require (module.js:596:17)	|	    at require (internal/module.js:11:18)	|	    at /home/swapnil/2-2/TestAutomation/node_modules/mocha/lib/mocha.js:334:36	|	    at Array.forEach (<anonymous>)	|	    at Mocha.loadFiles (/home/swapnil/2-2/TestAutomation/node_modules/mocha/lib/mocha.js:331:14)	|	    at Mocha.run (/home/swapnil/2-2/TestAutomation/node_modules/mocha/lib/mocha.js:809:10)	|	    at Object.exports.singleRun (/home/swapnil/2-2/TestAutomation/node_modules/mocha/lib/cli/run-helpers.js:108:16)	|	    at exports.runMocha (/home/swapnil/2-2/TestAutomation/node_modules/mocha/lib/cli/run-helpers.js:142:13)	|	    at Object.exports.handler.argv [as handler] (/home/swapnil/2-2/TestAutomation/node_modules/mocha/lib/cli/run.js:292:3)	|	    at Object.runCommand (/home/swapnil/2-2/TestAutomation/node_modules/yargs/lib/command.js:242:26)	|	    at Object.parseArgs [as _parseArgs] (/home/swapnil/2-2/TestAutomation/node_modules/yargs/yargs.js:1087:28)	|	    at Object.parse (/home/swapnil/2-2/TestAutomation/node_modules/yargs/yargs.js:566:25)	|	    at Object.exports.main (/home/swapnil/2-2/TestAutomation/node_modules/mocha/lib/cli/cli.js:68:6)	|	    at Object.<anonymous> (/home/swapnil/2-2/TestAutomation/node_modules/mocha/bin/mocha:164:29)	|	    at Module._compile (module.js:652:30)	|	    at Object.Module._extensions..js (module.js:663:10)	|	    at Module.load (module.js:565:32)	|	    at tryModuleLoad (module.js:505:12)	|	    at Function.Module._load (module.js:497:3)	|	    at Function.Module.runMain (module.js:693:10)	|	    at startup (bootstrap_node.js:188:16)	|	    at bootstrap_node.js:609:3	|	npm ERR! Test failed.  See above for more details.	|	</p>
<p style="margin-left: 0px">Test units_test_2.txt</p>
<p style="margin-left: 40px">/home/swapnil/2-2/TestAutomation/testCasesExecutables/test.js:7	|	            expect(src.%(%)).to.equal(%)	|	                       ^	|	SyntaxError: Unexpected token %	|	    at createScript (vm.js:80:10)	|	    at Object.runInThisContext (vm.js:139:10)	|	    at Module._compile (module.js:616:28)	|	    at Object.Module._extensions..js (module.js:663:10)	|	    at Module.load (module.js:565:32)	|	    at tryModuleLoad (module.js:505:12)	|	    at Function.Module._load (module.js:497:3)	|	    at Module.require (module.js:596:17)	|	    at require (internal/module.js:11:18)	|	    at /home/swapnil/2-2/TestAutomation/node_modules/mocha/lib/mocha.js:334:36	|	    at Array.forEach (<anonymous>)	|	    at Mocha.loadFiles (/home/swapnil/2-2/TestAutomation/node_modules/mocha/lib/mocha.js:331:14)	|	    at Mocha.run (/home/swapnil/2-2/TestAutomation/node_modules/mocha/lib/mocha.js:809:10)	|	    at Object.exports.singleRun (/home/swapnil/2-2/TestAutomation/node_modules/mocha/lib/cli/run-helpers.js:108:16)	|	    at exports.runMocha (/home/swapnil/2-2/TestAutomation/node_modules/mocha/lib/cli/run-helpers.js:142:13)	|	    at Object.exports.handler.argv [as handler] (/home/swapnil/2-2/TestAutomation/node_modules/mocha/lib/cli/run.js:292:3)	|	    at Object.runCommand (/home/swapnil/2-2/TestAutomation/node_modules/yargs/lib/command.js:242:26)	|	    at Object.parseArgs [as _parseArgs] (/home/swapnil/2-2/TestAutomation/node_modules/yargs/yargs.js:1087:28)	|	    at Object.parse (/home/swapnil/2-2/TestAutomation/node_modules/yargs/yargs.js:566:25)	|	    at Object.exports.main (/home/swapnil/2-2/TestAutomation/node_modules/mocha/lib/cli/cli.js:68:6)	|	    at Object.<anonymous> (/home/swapnil/2-2/TestAutomation/node_modules/mocha/bin/mocha:164:29)	|	    at Module._compile (module.js:652:30)	|	    at Object.Module._extensions..js (module.js:663:10)	|	    at Module.load (module.js:565:32)	|	    at tryModuleLoad (module.js:505:12)	|	    at Function.Module._load (module.js:497:3)	|	    at Function.Module.runMain (module.js:693:10)	|	    at startup (bootstrap_node.js:188:16)	|	    at bootstrap_node.js:609:3	|	npm ERR! Test failed.  See above for more details.	|	</p>
<p style="margin-left: 0px">Test units_test_12.txt</p>
<p style="margin-left: 40px">/home/swapnil/2-2/TestAutomation/testCasesExecutables/test.js:7	|	            expect(src.%(%)).to.equal(%)	|	                       ^	|	SyntaxError: Unexpected token %	|	    at createScript (vm.js:80:10)	|	    at Object.runInThisContext (vm.js:139:10)	|	    at Module._compile (module.js:616:28)	|	    at Object.Module._extensions..js (module.js:663:10)	|	    at Module.load (module.js:565:32)	|	    at tryModuleLoad (module.js:505:12)	|	    at Function.Module._load (module.js:497:3)	|	    at Module.require (module.js:596:17)	|	    at require (internal/module.js:11:18)	|	    at /home/swapnil/2-2/TestAutomation/node_modules/mocha/lib/mocha.js:334:36	|	    at Array.forEach (<anonymous>)	|	    at Mocha.loadFiles (/home/swapnil/2-2/TestAutomation/node_modules/mocha/lib/mocha.js:331:14)	|	    at Mocha.run (/home/swapnil/2-2/TestAutomation/node_modules/mocha/lib/mocha.js:809:10)	|	    at Object.exports.singleRun (/home/swapnil/2-2/TestAutomation/node_modules/mocha/lib/cli/run-helpers.js:108:16)	|	    at exports.runMocha (/home/swapnil/2-2/TestAutomation/node_modules/mocha/lib/cli/run-helpers.js:142:13)	|	    at Object.exports.handler.argv [as handler] (/home/swapnil/2-2/TestAutomation/node_modules/mocha/lib/cli/run.js:292:3)	|	    at Object.runCommand (/home/swapnil/2-2/TestAutomation/node_modules/yargs/lib/command.js:242:26)	|	    at Object.parseArgs [as _parseArgs] (/home/swapnil/2-2/TestAutomation/node_modules/yargs/yargs.js:1087:28)	|	    at Object.parse (/home/swapnil/2-2/TestAutomation/node_modules/yargs/yargs.js:566:25)	|	    at Object.exports.main (/home/swapnil/2-2/TestAutomation/node_modules/mocha/lib/cli/cli.js:68:6)	|	    at Object.<anonymous> (/home/swapnil/2-2/TestAutomation/node_modules/mocha/bin/mocha:164:29)	|	    at Module._compile (module.js:652:30)	|	    at Object.Module._extensions..js (module.js:663:10)	|	    at Module.load (module.js:565:32)	|	    at tryModuleLoad (module.js:505:12)	|	    at Function.Module._load (module.js:497:3)	|	    at Function.Module.runMain (module.js:693:10)	|	    at startup (bootstrap_node.js:188:16)	|	    at bootstrap_node.js:609:3	|	npm ERR! Test failed.  See above for more details.	|	</p>
<p style="margin-left: 0px">Test units_test_3.txt</p>
<p style="margin-left: 40px">/home/swapnil/2-2/TestAutomation/testCasesExecutables/test.js:7	|	            expect(src.%(%)).to.equal(%)	|	                       ^	|	SyntaxError: Unexpected token %	|	    at createScript (vm.js:80:10)	|	    at Object.runInThisContext (vm.js:139:10)	|	    at Module._compile (module.js:616:28)	|	    at Object.Module._extensions..js (module.js:663:10)	|	    at Module.load (module.js:565:32)	|	    at tryModuleLoad (module.js:505:12)	|	    at Function.Module._load (module.js:497:3)	|	    at Module.require (module.js:596:17)	|	    at require (internal/module.js:11:18)	|	    at /home/swapnil/2-2/TestAutomation/node_modules/mocha/lib/mocha.js:334:36	|	    at Array.forEach (<anonymous>)	|	    at Mocha.loadFiles (/home/swapnil/2-2/TestAutomation/node_modules/mocha/lib/mocha.js:331:14)	|	    at Mocha.run (/home/swapnil/2-2/TestAutomation/node_modules/mocha/lib/mocha.js:809:10)	|	    at Object.exports.singleRun (/home/swapnil/2-2/TestAutomation/node_modules/mocha/lib/cli/run-helpers.js:108:16)	|	    at exports.runMocha (/home/swapnil/2-2/TestAutomation/node_modules/mocha/lib/cli/run-helpers.js:142:13)	|	    at Object.exports.handler.argv [as handler] (/home/swapnil/2-2/TestAutomation/node_modules/mocha/lib/cli/run.js:292:3)	|	    at Object.runCommand (/home/swapnil/2-2/TestAutomation/node_modules/yargs/lib/command.js:242:26)	|	    at Object.parseArgs [as _parseArgs] (/home/swapnil/2-2/TestAutomation/node_modules/yargs/yargs.js:1087:28)	|	    at Object.parse (/home/swapnil/2-2/TestAutomation/node_modules/yargs/yargs.js:566:25)	|	    at Object.exports.main (/home/swapnil/2-2/TestAutomation/node_modules/mocha/lib/cli/cli.js:68:6)	|	    at Object.<anonymous> (/home/swapnil/2-2/TestAutomation/node_modules/mocha/bin/mocha:164:29)	|	    at Module._compile (module.js:652:30)	|	    at Object.Module._extensions..js (module.js:663:10)	|	    at Module.load (module.js:565:32)	|	    at tryModuleLoad (module.js:505:12)	|	    at Function.Module._load (module.js:497:3)	|	    at Function.Module.runMain (module.js:693:10)	|	    at startup (bootstrap_node.js:188:16)	|	    at bootstrap_node.js:609:3	|	npm ERR! Test failed.  See above for more details.	|	</p>
<p style="margin-left: 0px">Test units_test_6.txt</p>
<p style="margin-left: 40px">/home/swapnil/2-2/TestAutomation/testCasesExecutables/test.js:7	|	            expect(src.%(%)).to.equal(%)	|	                       ^	|	SyntaxError: Unexpected token %	|	    at createScript (vm.js:80:10)	|	    at Object.runInThisContext (vm.js:139:10)	|	    at Module._compile (module.js:616:28)	|	    at Object.Module._extensions..js (module.js:663:10)	|	    at Module.load (module.js:565:32)	|	    at tryModuleLoad (module.js:505:12)	|	    at Function.Module._load (module.js:497:3)	|	    at Module.require (module.js:596:17)	|	    at require (internal/module.js:11:18)	|	    at /home/swapnil/2-2/TestAutomation/node_modules/mocha/lib/mocha.js:334:36	|	    at Array.forEach (<anonymous>)	|	    at Mocha.loadFiles (/home/swapnil/2-2/TestAutomation/node_modules/mocha/lib/mocha.js:331:14)	|	    at Mocha.run (/home/swapnil/2-2/TestAutomation/node_modules/mocha/lib/mocha.js:809:10)	|	    at Object.exports.singleRun (/home/swapnil/2-2/TestAutomation/node_modules/mocha/lib/cli/run-helpers.js:108:16)	|	    at exports.runMocha (/home/swapnil/2-2/TestAutomation/node_modules/mocha/lib/cli/run-helpers.js:142:13)	|	    at Object.exports.handler.argv [as handler] (/home/swapnil/2-2/TestAutomation/node_modules/mocha/lib/cli/run.js:292:3)	|	    at Object.runCommand (/home/swapnil/2-2/TestAutomation/node_modules/yargs/lib/command.js:242:26)	|	    at Object.parseArgs [as _parseArgs] (/home/swapnil/2-2/TestAutomation/node_modules/yargs/yargs.js:1087:28)	|	    at Object.parse (/home/swapnil/2-2/TestAutomation/node_modules/yargs/yargs.js:566:25)	|	    at Object.exports.main (/home/swapnil/2-2/TestAutomation/node_modules/mocha/lib/cli/cli.js:68:6)	|	    at Object.<anonymous> (/home/swapnil/2-2/TestAutomation/node_modules/mocha/bin/mocha:164:29)	|	    at Module._compile (module.js:652:30)	|	    at Object.Module._extensions..js (module.js:663:10)	|	    at Module.load (module.js:565:32)	|	    at tryModuleLoad (module.js:505:12)	|	    at Function.Module._load (module.js:497:3)	|	    at Function.Module.runMain (module.js:693:10)	|	    at startup (bootstrap_node.js:188:16)	|	    at bootstrap_node.js:609:3	|	npm ERR! Test failed.  See above for more details.	|	</p>
<p style="margin-left: 0px">Test units_test_10.txt</p>
<p style="margin-left: 40px">/home/swapnil/2-2/TestAutomation/testCasesExecutables/test.js:7	|	            expect(src.%(%)).to.equal(%)	|	                       ^	|	SyntaxError: Unexpected token %	|	    at createScript (vm.js:80:10)	|	    at Object.runInThisContext (vm.js:139:10)	|	    at Module._compile (module.js:616:28)	|	    at Object.Module._extensions..js (module.js:663:10)	|	    at Module.load (module.js:565:32)	|	    at tryModuleLoad (module.js:505:12)	|	    at Function.Module._load (module.js:497:3)	|	    at Module.require (module.js:596:17)	|	    at require (internal/module.js:11:18)	|	    at /home/swapnil/2-2/TestAutomation/node_modules/mocha/lib/mocha.js:334:36	|	    at Array.forEach (<anonymous>)	|	    at Mocha.loadFiles (/home/swapnil/2-2/TestAutomation/node_modules/mocha/lib/mocha.js:331:14)	|	    at Mocha.run (/home/swapnil/2-2/TestAutomation/node_modules/mocha/lib/mocha.js:809:10)	|	    at Object.exports.singleRun (/home/swapnil/2-2/TestAutomation/node_modules/mocha/lib/cli/run-helpers.js:108:16)	|	    at exports.runMocha (/home/swapnil/2-2/TestAutomation/node_modules/mocha/lib/cli/run-helpers.js:142:13)	|	    at Object.exports.handler.argv [as handler] (/home/swapnil/2-2/TestAutomation/node_modules/mocha/lib/cli/run.js:292:3)	|	    at Object.runCommand (/home/swapnil/2-2/TestAutomation/node_modules/yargs/lib/command.js:242:26)	|	    at Object.parseArgs [as _parseArgs] (/home/swapnil/2-2/TestAutomation/node_modules/yargs/yargs.js:1087:28)	|	    at Object.parse (/home/swapnil/2-2/TestAutomation/node_modules/yargs/yargs.js:566:25)	|	    at Object.exports.main (/home/swapnil/2-2/TestAutomation/node_modules/mocha/lib/cli/cli.js:68:6)	|	    at Object.<anonymous> (/home/swapnil/2-2/TestAutomation/node_modules/mocha/bin/mocha:164:29)	|	    at Module._compile (module.js:652:30)	|	    at Object.Module._extensions..js (module.js:663:10)	|	    at Module.load (module.js:565:32)	|	    at tryModuleLoad (module.js:505:12)	|	    at Function.Module._load (module.js:497:3)	|	    at Function.Module.runMain (module.js:693:10)	|	    at startup (bootstrap_node.js:188:16)	|	    at bootstrap_node.js:609:3	|	npm ERR! Test failed.  See above for more details.	|	</p>
<p style="margin-left: 0px">Test units_test_7.txt</p>
<p style="margin-left: 40px">/home/swapnil/2-2/TestAutomation/testCasesExecutables/test.js:7	|	            expect(src.%(%)).to.equal(%)	|	                       ^	|	SyntaxError: Unexpected token %	|	    at createScript (vm.js:80:10)	|	    at Object.runInThisContext (vm.js:139:10)	|	    at Module._compile (module.js:616:28)	|	    at Object.Module._extensions..js (module.js:663:10)	|	    at Module.load (module.js:565:32)	|	    at tryModuleLoad (module.js:505:12)	|	    at Function.Module._load (module.js:497:3)	|	    at Module.require (module.js:596:17)	|	    at require (internal/module.js:11:18)	|	    at /home/swapnil/2-2/TestAutomation/node_modules/mocha/lib/mocha.js:334:36	|	    at Array.forEach (<anonymous>)	|	    at Mocha.loadFiles (/home/swapnil/2-2/TestAutomation/node_modules/mocha/lib/mocha.js:331:14)	|	    at Mocha.run (/home/swapnil/2-2/TestAutomation/node_modules/mocha/lib/mocha.js:809:10)	|	    at Object.exports.singleRun (/home/swapnil/2-2/TestAutomation/node_modules/mocha/lib/cli/run-helpers.js:108:16)	|	    at exports.runMocha (/home/swapnil/2-2/TestAutomation/node_modules/mocha/lib/cli/run-helpers.js:142:13)	|	    at Object.exports.handler.argv [as handler] (/home/swapnil/2-2/TestAutomation/node_modules/mocha/lib/cli/run.js:292:3)	|	    at Object.runCommand (/home/swapnil/2-2/TestAutomation/node_modules/yargs/lib/command.js:242:26)	|	    at Object.parseArgs [as _parseArgs] (/home/swapnil/2-2/TestAutomation/node_modules/yargs/yargs.js:1087:28)	|	    at Object.parse (/home/swapnil/2-2/TestAutomation/node_modules/yargs/yargs.js:566:25)	|	    at Object.exports.main (/home/swapnil/2-2/TestAutomation/node_modules/mocha/lib/cli/cli.js:68:6)	|	    at Object.<anonymous> (/home/swapnil/2-2/TestAutomation/node_modules/mocha/bin/mocha:164:29)	|	    at Module._compile (module.js:652:30)	|	    at Object.Module._extensions..js (module.js:663:10)	|	    at Module.load (module.js:565:32)	|	    at tryModuleLoad (module.js:505:12)	|	    at Function.Module._load (module.js:497:3)	|	    at Function.Module.runMain (module.js:693:10)	|	    at startup (bootstrap_node.js:188:16)	|	    at bootstrap_node.js:609:3	|	npm ERR! Test failed.  See above for more details.	|	</p>
<p style="margin-left: 0px">Test units_test_9.txt</p>
<p style="margin-left: 40px">/home/swapnil/2-2/TestAutomation/testCasesExecutables/test.js:7	|	            expect(src.%(%)).to.equal(%)	|	                       ^	|	SyntaxError: Unexpected token %	|	    at createScript (vm.js:80:10)	|	    at Object.runInThisContext (vm.js:139:10)	|	    at Module._compile (module.js:616:28)	|	    at Object.Module._extensions..js (module.js:663:10)	|	    at Module.load (module.js:565:32)	|	    at tryModuleLoad (module.js:505:12)	|	    at Function.Module._load (module.js:497:3)	|	    at Module.require (module.js:596:17)	|	    at require (internal/module.js:11:18)	|	    at /home/swapnil/2-2/TestAutomation/node_modules/mocha/lib/mocha.js:334:36	|	    at Array.forEach (<anonymous>)	|	    at Mocha.loadFiles (/home/swapnil/2-2/TestAutomation/node_modules/mocha/lib/mocha.js:331:14)	|	    at Mocha.run (/home/swapnil/2-2/TestAutomation/node_modules/mocha/lib/mocha.js:809:10)	|	    at Object.exports.singleRun (/home/swapnil/2-2/TestAutomation/node_modules/mocha/lib/cli/run-helpers.js:108:16)	|	    at exports.runMocha (/home/swapnil/2-2/TestAutomation/node_modules/mocha/lib/cli/run-helpers.js:142:13)	|	    at Object.exports.handler.argv [as handler] (/home/swapnil/2-2/TestAutomation/node_modules/mocha/lib/cli/run.js:292:3)	|	    at Object.runCommand (/home/swapnil/2-2/TestAutomation/node_modules/yargs/lib/command.js:242:26)	|	    at Object.parseArgs [as _parseArgs] (/home/swapnil/2-2/TestAutomation/node_modules/yargs/yargs.js:1087:28)	|	    at Object.parse (/home/swapnil/2-2/TestAutomation/node_modules/yargs/yargs.js:566:25)	|	    at Object.exports.main (/home/swapnil/2-2/TestAutomation/node_modules/mocha/lib/cli/cli.js:68:6)	|	    at Object.<anonymous> (/home/swapnil/2-2/TestAutomation/node_modules/mocha/bin/mocha:164:29)	|	    at Module._compile (module.js:652:30)	|	    at Object.Module._extensions..js (module.js:663:10)	|	    at Module.load (module.js:565:32)	|	    at tryModuleLoad (module.js:505:12)	|	    at Function.Module._load (module.js:497:3)	|	    at Function.Module.runMain (module.js:693:10)	|	    at startup (bootstrap_node.js:188:16)	|	    at bootstrap_node.js:609:3	|	npm ERR! Test failed.  See above for more details.	|	</p>
<p style="margin-left: 0px">Test units_test_4.txt</p>
<p style="margin-left: 40px">/home/swapnil/2-2/TestAutomation/testCasesExecutables/test.js:7	|	            expect(src.%(%)).to.equal(%)	|	                       ^	|	SyntaxError: Unexpected token %	|	    at createScript (vm.js:80:10)	|	    at Object.runInThisContext (vm.js:139:10)	|	    at Module._compile (module.js:616:28)	|	    at Object.Module._extensions..js (module.js:663:10)	|	    at Module.load (module.js:565:32)	|	    at tryModuleLoad (module.js:505:12)	|	    at Function.Module._load (module.js:497:3)	|	    at Module.require (module.js:596:17)	|	    at require (internal/module.js:11:18)	|	    at /home/swapnil/2-2/TestAutomation/node_modules/mocha/lib/mocha.js:334:36	|	    at Array.forEach (<anonymous>)	|	    at Mocha.loadFiles (/home/swapnil/2-2/TestAutomation/node_modules/mocha/lib/mocha.js:331:14)	|	    at Mocha.run (/home/swapnil/2-2/TestAutomation/node_modules/mocha/lib/mocha.js:809:10)	|	    at Object.exports.singleRun (/home/swapnil/2-2/TestAutomation/node_modules/mocha/lib/cli/run-helpers.js:108:16)	|	    at exports.runMocha (/home/swapnil/2-2/TestAutomation/node_modules/mocha/lib/cli/run-helpers.js:142:13)	|	    at Object.exports.handler.argv [as handler] (/home/swapnil/2-2/TestAutomation/node_modules/mocha/lib/cli/run.js:292:3)	|	    at Object.runCommand (/home/swapnil/2-2/TestAutomation/node_modules/yargs/lib/command.js:242:26)	|	    at Object.parseArgs [as _parseArgs] (/home/swapnil/2-2/TestAutomation/node_modules/yargs/yargs.js:1087:28)	|	    at Object.parse (/home/swapnil/2-2/TestAutomation/node_modules/yargs/yargs.js:566:25)	|	    at Object.exports.main (/home/swapnil/2-2/TestAutomation/node_modules/mocha/lib/cli/cli.js:68:6)	|	    at Object.<anonymous> (/home/swapnil/2-2/TestAutomation/node_modules/mocha/bin/mocha:164:29)	|	    at Module._compile (module.js:652:30)	|	    at Object.Module._extensions..js (module.js:663:10)	|	    at Module.load (module.js:565:32)	|	    at tryModuleLoad (module.js:505:12)	|	    at Function.Module._load (module.js:497:3)	|	    at Function.Module.runMain (module.js:693:10)	|	    at startup (bootstrap_node.js:188:16)	|	    at bootstrap_node.js:609:3	|	npm ERR! Test failed.  See above for more details.	|	</p>
<p style="margin-left: 0px">Test units_test_16.txt</p>
<p style="margin-left: 40px">/home/swapnil/2-2/TestAutomation/testCasesExecutables/test.js:7	|	            expect(src.%(%)).to.equal(%)	|	                       ^	|	SyntaxError: Unexpected token %	|	    at createScript (vm.js:80:10)	|	    at Object.runInThisContext (vm.js:139:10)	|	    at Module._compile (module.js:616:28)	|	    at Object.Module._extensions..js (module.js:663:10)	|	    at Module.load (module.js:565:32)	|	    at tryModuleLoad (module.js:505:12)	|	    at Function.Module._load (module.js:497:3)	|	    at Module.require (module.js:596:17)	|	    at require (internal/module.js:11:18)	|	    at /home/swapnil/2-2/TestAutomation/node_modules/mocha/lib/mocha.js:334:36	|	    at Array.forEach (<anonymous>)	|	    at Mocha.loadFiles (/home/swapnil/2-2/TestAutomation/node_modules/mocha/lib/mocha.js:331:14)	|	    at Mocha.run (/home/swapnil/2-2/TestAutomation/node_modules/mocha/lib/mocha.js:809:10)	|	    at Object.exports.singleRun (/home/swapnil/2-2/TestAutomation/node_modules/mocha/lib/cli/run-helpers.js:108:16)	|	    at exports.runMocha (/home/swapnil/2-2/TestAutomation/node_modules/mocha/lib/cli/run-helpers.js:142:13)	|	    at Object.exports.handler.argv [as handler] (/home/swapnil/2-2/TestAutomation/node_modules/mocha/lib/cli/run.js:292:3)	|	    at Object.runCommand (/home/swapnil/2-2/TestAutomation/node_modules/yargs/lib/command.js:242:26)	|	    at Object.parseArgs [as _parseArgs] (/home/swapnil/2-2/TestAutomation/node_modules/yargs/yargs.js:1087:28)	|	    at Object.parse (/home/swapnil/2-2/TestAutomation/node_modules/yargs/yargs.js:566:25)	|	    at Object.exports.main (/home/swapnil/2-2/TestAutomation/node_modules/mocha/lib/cli/cli.js:68:6)	|	    at Object.<anonymous> (/home/swapnil/2-2/TestAutomation/node_modules/mocha/bin/mocha:164:29)	|	    at Module._compile (module.js:652:30)	|	    at Object.Module._extensions..js (module.js:663:10)	|	    at Module.load (module.js:565:32)	|	    at tryModuleLoad (module.js:505:12)	|	    at Function.Module._load (module.js:497:3)	|	    at Function.Module.runMain (module.js:693:10)	|	    at startup (bootstrap_node.js:188:16)	|	    at bootstrap_node.js:609:3	|	npm ERR! Test failed.  See above for more details.	|	</p>
<p style="margin-left: 0px">Test units_test_15.txt</p>
<p style="margin-left: 40px">/home/swapnil/2-2/TestAutomation/testCasesExecutables/test.js:7	|	            expect(src.%(%)).to.equal(%)	|	                       ^	|	SyntaxError: Unexpected token %	|	    at createScript (vm.js:80:10)	|	    at Object.runInThisContext (vm.js:139:10)	|	    at Module._compile (module.js:616:28)	|	    at Object.Module._extensions..js (module.js:663:10)	|	    at Module.load (module.js:565:32)	|	    at tryModuleLoad (module.js:505:12)	|	    at Function.Module._load (module.js:497:3)	|	    at Module.require (module.js:596:17)	|	    at require (internal/module.js:11:18)	|	    at /home/swapnil/2-2/TestAutomation/node_modules/mocha/lib/mocha.js:334:36	|	    at Array.forEach (<anonymous>)	|	    at Mocha.loadFiles (/home/swapnil/2-2/TestAutomation/node_modules/mocha/lib/mocha.js:331:14)	|	    at Mocha.run (/home/swapnil/2-2/TestAutomation/node_modules/mocha/lib/mocha.js:809:10)	|	    at Object.exports.singleRun (/home/swapnil/2-2/TestAutomation/node_modules/mocha/lib/cli/run-helpers.js:108:16)	|	    at exports.runMocha (/home/swapnil/2-2/TestAutomation/node_modules/mocha/lib/cli/run-helpers.js:142:13)	|	    at Object.exports.handler.argv [as handler] (/home/swapnil/2-2/TestAutomation/node_modules/mocha/lib/cli/run.js:292:3)	|	    at Object.runCommand (/home/swapnil/2-2/TestAutomation/node_modules/yargs/lib/command.js:242:26)	|	    at Object.parseArgs [as _parseArgs] (/home/swapnil/2-2/TestAutomation/node_modules/yargs/yargs.js:1087:28)	|	    at Object.parse (/home/swapnil/2-2/TestAutomation/node_modules/yargs/yargs.js:566:25)	|	    at Object.exports.main (/home/swapnil/2-2/TestAutomation/node_modules/mocha/lib/cli/cli.js:68:6)	|	    at Object.<anonymous> (/home/swapnil/2-2/TestAutomation/node_modules/mocha/bin/mocha:164:29)	|	    at Module._compile (module.js:652:30)	|	    at Object.Module._extensions..js (module.js:663:10)	|	    at Module.load (module.js:565:32)	|	    at tryModuleLoad (module.js:505:12)	|	    at Function.Module._load (module.js:497:3)	|	    at Function.Module.runMain (module.js:693:10)	|	    at startup (bootstrap_node.js:188:16)	|	    at bootstrap_node.js:609:3	|	npm ERR! Test failed.  See above for more details.	|	</p>
<p style="margin-left: 0px">Test units_test_11.txt</p>
<p style="margin-left: 40px">/home/swapnil/2-2/TestAutomation/testCasesExecutables/test.js:7	|	            expect(src.%(%)).to.equal(%)	|	                       ^	|	SyntaxError: Unexpected token %	|	    at createScript (vm.js:80:10)	|	    at Object.runInThisContext (vm.js:139:10)	|	    at Module._compile (module.js:616:28)	|	    at Object.Module._extensions..js (module.js:663:10)	|	    at Module.load (module.js:565:32)	|	    at tryModuleLoad (module.js:505:12)	|	    at Function.Module._load (module.js:497:3)	|	    at Module.require (module.js:596:17)	|	    at require (internal/module.js:11:18)	|	    at /home/swapnil/2-2/TestAutomation/node_modules/mocha/lib/mocha.js:334:36	|	    at Array.forEach (<anonymous>)	|	    at Mocha.loadFiles (/home/swapnil/2-2/TestAutomation/node_modules/mocha/lib/mocha.js:331:14)	|	    at Mocha.run (/home/swapnil/2-2/TestAutomation/node_modules/mocha/lib/mocha.js:809:10)	|	    at Object.exports.singleRun (/home/swapnil/2-2/TestAutomation/node_modules/mocha/lib/cli/run-helpers.js:108:16)	|	    at exports.runMocha (/home/swapnil/2-2/TestAutomation/node_modules/mocha/lib/cli/run-helpers.js:142:13)	|	    at Object.exports.handler.argv [as handler] (/home/swapnil/2-2/TestAutomation/node_modules/mocha/lib/cli/run.js:292:3)	|	    at Object.runCommand (/home/swapnil/2-2/TestAutomation/node_modules/yargs/lib/command.js:242:26)	|	    at Object.parseArgs [as _parseArgs] (/home/swapnil/2-2/TestAutomation/node_modules/yargs/yargs.js:1087:28)	|	    at Object.parse (/home/swapnil/2-2/TestAutomation/node_modules/yargs/yargs.js:566:25)	|	    at Object.exports.main (/home/swapnil/2-2/TestAutomation/node_modules/mocha/lib/cli/cli.js:68:6)	|	    at Object.<anonymous> (/home/swapnil/2-2/TestAutomation/node_modules/mocha/bin/mocha:164:29)	|	    at Module._compile (module.js:652:30)	|	    at Object.Module._extensions..js (module.js:663:10)	|	    at Module.load (module.js:565:32)	|	    at tryModuleLoad (module.js:505:12)	|	    at Function.Module._load (module.js:497:3)	|	    at Function.Module.runMain (module.js:693:10)	|	    at startup (bootstrap_node.js:188:16)	|	    at bootstrap_node.js:609:3	|	npm ERR! Test failed.  See above for more details.	|	</p>
<p style="margin-left: 0px">Test units_test_14.txt</p>
<p style="margin-left: 40px">/home/swapnil/2-2/TestAutomation/testCasesExecutables/test.js:7	|	            expect(src.%(%)).to.equal(%)	|	                       ^	|	SyntaxError: Unexpected token %	|	    at createScript (vm.js:80:10)	|	    at Object.runInThisContext (vm.js:139:10)	|	    at Module._compile (module.js:616:28)	|	    at Object.Module._extensions..js (module.js:663:10)	|	    at Module.load (module.js:565:32)	|	    at tryModuleLoad (module.js:505:12)	|	    at Function.Module._load (module.js:497:3)	|	    at Module.require (module.js:596:17)	|	    at require (internal/module.js:11:18)	|	    at /home/swapnil/2-2/TestAutomation/node_modules/mocha/lib/mocha.js:334:36	|	    at Array.forEach (<anonymous>)	|	    at Mocha.loadFiles (/home/swapnil/2-2/TestAutomation/node_modules/mocha/lib/mocha.js:331:14)	|	    at Mocha.run (/home/swapnil/2-2/TestAutomation/node_modules/mocha/lib/mocha.js:809:10)	|	    at Object.exports.singleRun (/home/swapnil/2-2/TestAutomation/node_modules/mocha/lib/cli/run-helpers.js:108:16)	|	    at exports.runMocha (/home/swapnil/2-2/TestAutomation/node_modules/mocha/lib/cli/run-helpers.js:142:13)	|	    at Object.exports.handler.argv [as handler] (/home/swapnil/2-2/TestAutomation/node_modules/mocha/lib/cli/run.js:292:3)	|	    at Object.runCommand (/home/swapnil/2-2/TestAutomation/node_modules/yargs/lib/command.js:242:26)	|	    at Object.parseArgs [as _parseArgs] (/home/swapnil/2-2/TestAutomation/node_modules/yargs/yargs.js:1087:28)	|	    at Object.parse (/home/swapnil/2-2/TestAutomation/node_modules/yargs/yargs.js:566:25)	|	    at Object.exports.main (/home/swapnil/2-2/TestAutomation/node_modules/mocha/lib/cli/cli.js:68:6)	|	    at Object.<anonymous> (/home/swapnil/2-2/TestAutomation/node_modules/mocha/bin/mocha:164:29)	|	    at Module._compile (module.js:652:30)	|	    at Object.Module._extensions..js (module.js:663:10)	|	    at Module.load (module.js:565:32)	|	    at tryModuleLoad (module.js:505:12)	|	    at Function.Module._load (module.js:497:3)	|	    at Function.Module.runMain (module.js:693:10)	|	    at startup (bootstrap_node.js:188:16)	|	    at bootstrap_node.js:609:3	|	npm ERR! Test failed.  See above for more details.	|	</p>
</head>